<?xml version="1.0" encoding="UTF-8"?>
<testsuite xmlns:xsi="http://www.w3.org/2001/XMLSchema-instance" xsi:noNamespaceSchemaLocation="https://maven.apache.org/surefire/maven-surefire-plugin/xsd/surefire-test-report.xsd" name="com.example.controller.UserControllerTest" time="1.009" tests="1" errors="0" skipped="0" failures="0">
  <properties>
    <property name="java.specification.version" value="17"/>
    <property name="sun.cpu.isalist" value="amd64"/>
    <property name="sun.jnu.encoding" value="Cp1252"/>
    <property name="java.class.path" value="D:\workspace_Intellj\Spring5\target\test-classes;D:\workspace_Intellj\Spring5\target\classes;C:\Users\HANEN\.m2\repository\junit\junit\4.11\junit-4.11.jar;C:\Users\HANEN\.m2\repository\org\hamcrest\hamcrest-core\1.3\hamcrest-core-1.3.jar;C:\Users\HANEN\.m2\repository\org\springframework\spring-context\5.2.10.RELEASE\spring-context-5.2.10.RELEASE.jar;C:\Users\HANEN\.m2\repository\org\springframework\spring-aop\5.2.10.RELEASE\spring-aop-5.2.10.RELEASE.jar;C:\Users\HANEN\.m2\repository\org\springframework\spring-beans\5.2.10.RELEASE\spring-beans-5.2.10.RELEASE.jar;C:\Users\HANEN\.m2\repository\org\springframework\spring-core\5.2.10.RELEASE\spring-core-5.2.10.RELEASE.jar;C:\Users\HANEN\.m2\repository\org\springframework\spring-jcl\5.2.10.RELEASE\spring-jcl-5.2.10.RELEASE.jar;C:\Users\HANEN\.m2\repository\org\springframework\spring-expression\5.2.10.RELEASE\spring-expression-5.2.10.RELEASE.jar;C:\Users\HANEN\.m2\repository\org\springframework\spring-webmvc\5.2.10.RELEASE\spring-webmvc-5.2.10.RELEASE.jar;C:\Users\HANEN\.m2\repository\org\springframework\spring-web\5.2.10.RELEASE\spring-web-5.2.10.RELEASE.jar;C:\Users\HANEN\.m2\repository\javax\servlet\jstl\1.2\jstl-1.2.jar;C:\Users\HANEN\.m2\repository\org\springframework\kafka\spring-kafka\2.7.8\spring-kafka-2.7.8.jar;C:\Users\HANEN\.m2\repository\org\springframework\spring-messaging\5.3.11\spring-messaging-5.3.11.jar;C:\Users\HANEN\.m2\repository\org\springframework\spring-tx\5.3.11\spring-tx-5.3.11.jar;C:\Users\HANEN\.m2\repository\org\springframework\retry\spring-retry\1.3.1\spring-retry-1.3.1.jar;C:\Users\HANEN\.m2\repository\javax\annotation\javax.annotation-api\1.3.2\javax.annotation-api-1.3.2.jar;C:\Users\HANEN\.m2\repository\org\apache\kafka\kafka-clients\2.7.1\kafka-clients-2.7.1.jar;C:\Users\HANEN\.m2\repository\com\github\luben\zstd-jni\1.4.5-6\zstd-jni-1.4.5-6.jar;C:\Users\HANEN\.m2\repository\org\lz4\lz4-java\1.7.1\lz4-java-1.7.1.jar;C:\Users\HANEN\.m2\repository\org\xerial\snappy\snappy-java\1.1.7.7\snappy-java-1.1.7.7.jar;C:\Users\HANEN\.m2\repository\org\slf4j\slf4j-api\1.7.30\slf4j-api-1.7.30.jar;C:\Users\HANEN\.m2\repository\com\google\code\findbugs\jsr305\3.0.2\jsr305-3.0.2.jar;C:\Users\HANEN\.m2\repository\org\mockito\mockito-core\5.6.0\mockito-core-5.6.0.jar;C:\Users\HANEN\.m2\repository\net\bytebuddy\byte-buddy\1.14.8\byte-buddy-1.14.8.jar;C:\Users\HANEN\.m2\repository\net\bytebuddy\byte-buddy-agent\1.14.8\byte-buddy-agent-1.14.8.jar;C:\Users\HANEN\.m2\repository\org\objenesis\objenesis\3.3\objenesis-3.3.jar;C:\Users\HANEN\.m2\repository\com\fasterxml\jackson\core\jackson-databind\2.15.0\jackson-databind-2.15.0.jar;C:\Users\HANEN\.m2\repository\com\fasterxml\jackson\core\jackson-annotations\2.15.0\jackson-annotations-2.15.0.jar;C:\Users\HANEN\.m2\repository\com\fasterxml\jackson\core\jackson-core\2.15.0\jackson-core-2.15.0.jar;"/>
    <property name="java.vm.vendor" value="Oracle Corporation"/>
    <property name="sun.arch.data.model" value="64"/>
    <property name="user.variant" value=""/>
    <property name="java.vendor.url" value="https://java.oracle.com/"/>
    <property name="user.timezone" value="Europe/Paris"/>
    <property name="os.name" value="Windows 10"/>
    <property name="java.vm.specification.version" value="17"/>
    <property name="sun.java.launcher" value="SUN_STANDARD"/>
    <property name="user.country" value="FR"/>
    <property name="sun.boot.library.path" value="C:\Program Files\Java\jdk-17\bin"/>
    <property name="sun.java.command" value="C:\Users\HANEN\AppData\Local\Temp\surefire249158420645418012\surefirebooter5081635527150970849.jar C:\Users\HANEN\AppData\Local\Temp\surefire249158420645418012 2023-11-23T12-29-21_636-jvmRun1 surefire16450355234170602119tmp surefire_016817601061228398600tmp"/>
    <property name="jdk.debug" value="release"/>
    <property name="surefire.test.class.path" value="D:\workspace_Intellj\Spring5\target\test-classes;D:\workspace_Intellj\Spring5\target\classes;C:\Users\HANEN\.m2\repository\junit\junit\4.11\junit-4.11.jar;C:\Users\HANEN\.m2\repository\org\hamcrest\hamcrest-core\1.3\hamcrest-core-1.3.jar;C:\Users\HANEN\.m2\repository\org\springframework\spring-context\5.2.10.RELEASE\spring-context-5.2.10.RELEASE.jar;C:\Users\HANEN\.m2\repository\org\springframework\spring-aop\5.2.10.RELEASE\spring-aop-5.2.10.RELEASE.jar;C:\Users\HANEN\.m2\repository\org\springframework\spring-beans\5.2.10.RELEASE\spring-beans-5.2.10.RELEASE.jar;C:\Users\HANEN\.m2\repository\org\springframework\spring-core\5.2.10.RELEASE\spring-core-5.2.10.RELEASE.jar;C:\Users\HANEN\.m2\repository\org\springframework\spring-jcl\5.2.10.RELEASE\spring-jcl-5.2.10.RELEASE.jar;C:\Users\HANEN\.m2\repository\org\springframework\spring-expression\5.2.10.RELEASE\spring-expression-5.2.10.RELEASE.jar;C:\Users\HANEN\.m2\repository\org\springframework\spring-webmvc\5.2.10.RELEASE\spring-webmvc-5.2.10.RELEASE.jar;C:\Users\HANEN\.m2\repository\org\springframework\spring-web\5.2.10.RELEASE\spring-web-5.2.10.RELEASE.jar;C:\Users\HANEN\.m2\repository\javax\servlet\jstl\1.2\jstl-1.2.jar;C:\Users\HANEN\.m2\repository\org\springframework\kafka\spring-kafka\2.7.8\spring-kafka-2.7.8.jar;C:\Users\HANEN\.m2\repository\org\springframework\spring-messaging\5.3.11\spring-messaging-5.3.11.jar;C:\Users\HANEN\.m2\repository\org\springframework\spring-tx\5.3.11\spring-tx-5.3.11.jar;C:\Users\HANEN\.m2\repository\org\springframework\retry\spring-retry\1.3.1\spring-retry-1.3.1.jar;C:\Users\HANEN\.m2\repository\javax\annotation\javax.annotation-api\1.3.2\javax.annotation-api-1.3.2.jar;C:\Users\HANEN\.m2\repository\org\apache\kafka\kafka-clients\2.7.1\kafka-clients-2.7.1.jar;C:\Users\HANEN\.m2\repository\com\github\luben\zstd-jni\1.4.5-6\zstd-jni-1.4.5-6.jar;C:\Users\HANEN\.m2\repository\org\lz4\lz4-java\1.7.1\lz4-java-1.7.1.jar;C:\Users\HANEN\.m2\repository\org\xerial\snappy\snappy-java\1.1.7.7\snappy-java-1.1.7.7.jar;C:\Users\HANEN\.m2\repository\org\slf4j\slf4j-api\1.7.30\slf4j-api-1.7.30.jar;C:\Users\HANEN\.m2\repository\com\google\code\findbugs\jsr305\3.0.2\jsr305-3.0.2.jar;C:\Users\HANEN\.m2\repository\org\mockito\mockito-core\5.6.0\mockito-core-5.6.0.jar;C:\Users\HANEN\.m2\repository\net\bytebuddy\byte-buddy\1.14.8\byte-buddy-1.14.8.jar;C:\Users\HANEN\.m2\repository\net\bytebuddy\byte-buddy-agent\1.14.8\byte-buddy-agent-1.14.8.jar;C:\Users\HANEN\.m2\repository\org\objenesis\objenesis\3.3\objenesis-3.3.jar;C:\Users\HANEN\.m2\repository\com\fasterxml\jackson\core\jackson-databind\2.15.0\jackson-databind-2.15.0.jar;C:\Users\HANEN\.m2\repository\com\fasterxml\jackson\core\jackson-annotations\2.15.0\jackson-annotations-2.15.0.jar;C:\Users\HANEN\.m2\repository\com\fasterxml\jackson\core\jackson-core\2.15.0\jackson-core-2.15.0.jar;"/>
    <property name="sun.cpu.endian" value="little"/>
    <property name="user.home" value="C:\Users\HANEN"/>
    <property name="user.language" value="fr"/>
    <property name="java.specification.vendor" value="Oracle Corporation"/>
    <property name="java.version.date" value="2023-07-18"/>
    <property name="java.home" value="C:\Program Files\Java\jdk-17"/>
    <property name="file.separator" value="\"/>
    <property name="basedir" value="D:\workspace_Intellj\Spring5"/>
    <property name="java.vm.compressedOopsMode" value="Zero based"/>
    <property name="line.separator" value="&#10;"/>
    <property name="java.vm.specification.vendor" value="Oracle Corporation"/>
    <property name="java.specification.name" value="Java Platform API Specification"/>
    <property name="surefire.real.class.path" value="C:\Users\HANEN\AppData\Local\Temp\surefire249158420645418012\surefirebooter5081635527150970849.jar"/>
    <property name="user.script" value=""/>
    <property name="sun.management.compiler" value="HotSpot 64-Bit Tiered Compilers"/>
    <property name="java.runtime.version" value="17.0.8+9-LTS-211"/>
    <property name="user.name" value="HANEN"/>
    <property name="path.separator" value=";"/>
    <property name="os.version" value="10.0"/>
    <property name="java.runtime.name" value="Java(TM) SE Runtime Environment"/>
    <property name="file.encoding" value="Cp1252"/>
    <property name="java.vm.name" value="Java HotSpot(TM) 64-Bit Server VM"/>
    <property name="localRepository" value="C:\Users\HANEN\.m2\repository"/>
    <property name="java.vendor.url.bug" value="https://bugreport.java.com/bugreport/"/>
    <property name="java.io.tmpdir" value="C:\Users\HANEN\AppData\Local\Temp\"/>
    <property name="idea.version" value="2021.1.3"/>
    <property name="java.version" value="17.0.8"/>
    <property name="user.dir" value="D:\workspace_Intellj\Spring5"/>
    <property name="os.arch" value="amd64"/>
    <property name="java.vm.specification.name" value="Java Virtual Machine Specification"/>
    <property name="sun.os.patch.level" value=""/>
    <property name="native.encoding" value="Cp1252"/>
    <property name="java.library.path" value="C:\Program Files\Java\jdk-17\bin;C:\Windows\Sun\Java\bin;C:\Windows\system32;C:\Windows;C:\Program Files\Common Files\Oracle\Java\javapath;C:\apache-maven-3.9.5\bin;C:\Windows\system32;C:\Windows;C:\Windows\System32\Wbem;C:\Windows\System32\WindowsPowerShell\v1.0\;C:\Windows\System32\OpenSSH\;C:\Program Files (x86)\dotnet\;C:\Program Files\Microsoft VS Code\bin;C:\Program Files\nodejs\;C:\Program Files\Docker\Docker\resources\bin;C:\Program Files\Git\cmd;C:\Program Files\TortoiseGit\bin;C:\Program Files\MySQL\MySQL Shell 8.0\bin\;C:\Users\HANEN\AppData\Local\Microsoft\WindowsApps;C:\Users\HANEN\AppData\Local\Programs\MiKTeX\miktex\bin\x64\;C:\Users\HANEN\AppData\Roaming\npm;C:\Program Files\JetBrains\IntelliJ IDEA Community Edition 2021.1.3\bin;;C:\apache-maven-3.9.5\bin;;."/>
    <property name="java.vm.info" value="mixed mode, sharing"/>
    <property name="java.vendor" value="Oracle Corporation"/>
    <property name="java.vm.version" value="17.0.8+9-LTS-211"/>
    <property name="sun.io.unicode.encoding" value="UnicodeLittle"/>
    <property name="java.class.version" value="61.0"/>
  </properties>
  <testcase name="testListUsers" classname="com.example.controller.UserControllerTest" time="0.963"/>
</testsuite>